{"C:\\Users\\LENOVO\\Documents\\digt2107-mass-splitter\\client\\src\\components\\AddReceipt.js": {"path":"C:\\Users\\LENOVO\\Documents\\digt2107-mass-splitter\\client\\src\\components\\AddReceipt.js","statementMap":{"0":{"start":{"line":180,"column":34},"end":{"line":180,"column":46}},"1":{"start":{"line":181,"column":32},"end":{"line":187,"column":4}},"2":{"start":{"line":188,"column":30},"end":{"line":188,"column":44}},"3":{"start":{"line":189,"column":50},"end":{"line":189,"column":62}},"4":{"start":{"line":190,"column":46},"end":{"line":190,"column":61}},"5":{"start":{"line":191,"column":38},"end":{"line":191,"column":49}},"6":{"start":{"line":193,"column":23},"end":{"line":196,"column":3}},"7":{"start":{"line":194,"column":28},"end":{"line":194,"column":36}},"8":{"start":{"line":195,"column":4},"end":{"line":195,"column":55}},"9":{"start":{"line":195,"column":26},"end":{"line":195,"column":52}},"10":{"start":{"line":198,"column":27},"end":{"line":211,"column":3}},"11":{"start":{"line":199,"column":4},"end":{"line":210,"column":5}},"12":{"start":{"line":200,"column":23},"end":{"line":200,"column":67}},"13":{"start":{"line":201,"column":6},"end":{"line":203,"column":7}},"14":{"start":{"line":202,"column":8},"end":{"line":202,"column":43}},"15":{"start":{"line":204,"column":19},"end":{"line":204,"column":40}},"16":{"start":{"line":205,"column":6},"end":{"line":205,"column":18}},"17":{"start":{"line":207,"column":6},"end":{"line":207,"column":55}},"18":{"start":{"line":208,"column":6},"end":{"line":208,"column":66}},"19":{"start":{"line":209,"column":6},"end":{"line":209,"column":18}},"20":{"start":{"line":213,"column":29},"end":{"line":278,"column":3}},"21":{"start":{"line":214,"column":4},"end":{"line":277,"column":5}},"22":{"start":{"line":215,"column":6},"end":{"line":274,"column":7}},"23":{"start":{"line":216,"column":22},"end":{"line":216,"column":63}},"24":{"start":{"line":217,"column":23},"end":{"line":217,"column":46}},"25":{"start":{"line":218,"column":20},"end":{"line":218,"column":83}},"26":{"start":{"line":220,"column":28},"end":{"line":226,"column":9}},"27":{"start":{"line":228,"column":25},"end":{"line":232,"column":10}},"28":{"start":{"line":234,"column":8},"end":{"line":236,"column":9}},"29":{"start":{"line":235,"column":10},"end":{"line":235,"column":52}},"30":{"start":{"line":238,"column":21},"end":{"line":238,"column":42}},"31":{"start":{"line":241,"column":8},"end":{"line":266,"column":9}},"32":{"start":{"line":242,"column":10},"end":{"line":254,"column":13}},"33":{"start":{"line":242,"column":30},"end":{"line":254,"column":11}},"34":{"start":{"line":243,"column":12},"end":{"line":253,"column":20}},"35":{"start":{"line":256,"column":29},"end":{"line":264,"column":11}},"36":{"start":{"line":265,"column":10},"end":{"line":265,"column":53}},"37":{"start":{"line":265,"column":30},"end":{"line":265,"column":51}},"38":{"start":{"line":269,"column":8},"end":{"line":269,"column":24}},"39":{"start":{"line":270,"column":8},"end":{"line":270,"column":85}},"40":{"start":{"line":272,"column":8},"end":{"line":272,"column":54}},"41":{"start":{"line":273,"column":8},"end":{"line":273,"column":63}},"42":{"start":{"line":276,"column":6},"end":{"line":276,"column":68}},"43":{"start":{"line":280,"column":20},"end":{"line":292,"column":3}},"44":{"start":{"line":281,"column":26},"end":{"line":281,"column":65}},"45":{"start":{"line":281,"column":50},"end":{"line":281,"column":64}},"46":{"start":{"line":282,"column":4},"end":{"line":291,"column":5}},"47":{"start":{"line":283,"column":6},"end":{"line":289,"column":9}},"48":{"start":{"line":290,"column":6},"end":{"line":290,"column":20}},"49":{"start":{"line":293,"column":24},"end":{"line":305,"column":3}},"50":{"start":{"line":294,"column":4},"end":{"line":304,"column":5}},"51":{"start":{"line":295,"column":23},"end":{"line":295,"column":79}},"52":{"start":{"line":296,"column":6},"end":{"line":298,"column":7}},"53":{"start":{"line":297,"column":8},"end":{"line":297,"column":52}},"54":{"start":{"line":299,"column":6},"end":{"line":299,"column":67}},"55":{"start":{"line":299,"column":28},"end":{"line":299,"column":65}},"56":{"start":{"line":299,"column":50},"end":{"line":299,"column":64}},"57":{"start":{"line":300,"column":6},"end":{"line":300,"column":78}},"58":{"start":{"line":300,"column":34},"end":{"line":300,"column":76}},"59":{"start":{"line":300,"column":59},"end":{"line":300,"column":75}},"60":{"start":{"line":302,"column":6},"end":{"line":302,"column":54}},"61":{"start":{"line":303,"column":6},"end":{"line":303,"column":45}},"62":{"start":{"line":307,"column":30},"end":{"line":311,"column":3}},"63":{"start":{"line":308,"column":4},"end":{"line":310,"column":6}},"64":{"start":{"line":309,"column":6},"end":{"line":309,"column":84}},"65":{"start":{"line":309,"column":51},"end":{"line":309,"column":67}},"66":{"start":{"line":313,"column":28},"end":{"line":317,"column":3}},"67":{"start":{"line":314,"column":4},"end":{"line":316,"column":6}},"68":{"start":{"line":315,"column":6},"end":{"line":315,"column":68}},"69":{"start":{"line":315,"column":63},"end":{"line":315,"column":67}},"70":{"start":{"line":319,"column":33},"end":{"line":324,"column":3}},"71":{"start":{"line":320,"column":21},"end":{"line":320,"column":74}},"72":{"start":{"line":320,"column":42},"end":{"line":320,"column":73}},"73":{"start":{"line":321,"column":24},"end":{"line":321,"column":94}},"74":{"start":{"line":321,"column":58},"end":{"line":321,"column":90}},"75":{"start":{"line":322,"column":24},"end":{"line":322,"column":82}},"76":{"start":{"line":323,"column":4},"end":{"line":323,"column":40}},"77":{"start":{"line":326,"column":2},"end":{"line":481,"column":4}},"78":{"start":{"line":402,"column":16},"end":{"line":432,"column":21}},"79":{"start":{"line":407,"column":38},"end":{"line":407,"column":66}},"80":{"start":{"line":421,"column":37},"end":{"line":421,"column":55}},"81":{"start":{"line":427,"column":37},"end":{"line":427,"column":68}},"82":{"start":{"line":438,"column":29},"end":{"line":438,"column":52}},"83":{"start":{"line":456,"column":35},"end":{"line":456,"column":92}},"84":{"start":{"line":471,"column":33},"end":{"line":471,"column":57}}},"fnMap":{"0":{"name":"AddReceipt","decl":{"start":{"line":179,"column":9},"end":{"line":179,"column":19}},"loc":{"start":{"line":179,"column":22},"end":{"line":482,"column":1}},"line":179},"1":{"name":"(anonymous_1)","decl":{"start":{"line":193,"column":23},"end":{"line":193,"column":24}},"loc":{"start":{"line":193,"column":30},"end":{"line":196,"column":3}},"line":193},"2":{"name":"(anonymous_2)","decl":{"start":{"line":195,"column":15},"end":{"line":195,"column":16}},"loc":{"start":{"line":195,"column":26},"end":{"line":195,"column":52}},"line":195},"3":{"name":"(anonymous_3)","decl":{"start":{"line":198,"column":27},"end":{"line":198,"column":28}},"loc":{"start":{"line":198,"column":48},"end":{"line":211,"column":3}},"line":198},"4":{"name":"(anonymous_4)","decl":{"start":{"line":213,"column":29},"end":{"line":213,"column":30}},"loc":{"start":{"line":213,"column":41},"end":{"line":278,"column":3}},"line":213},"5":{"name":"(anonymous_5)","decl":{"start":{"line":242,"column":22},"end":{"line":242,"column":23}},"loc":{"start":{"line":242,"column":30},"end":{"line":254,"column":11}},"line":242},"6":{"name":"(anonymous_6)","decl":{"start":{"line":242,"column":39},"end":{"line":242,"column":40}},"loc":{"start":{"line":243,"column":12},"end":{"line":253,"column":20}},"line":243},"7":{"name":"(anonymous_7)","decl":{"start":{"line":265,"column":22},"end":{"line":265,"column":23}},"loc":{"start":{"line":265,"column":30},"end":{"line":265,"column":51}},"line":265},"8":{"name":"(anonymous_8)","decl":{"start":{"line":280,"column":20},"end":{"line":280,"column":21}},"loc":{"start":{"line":280,"column":28},"end":{"line":292,"column":3}},"line":280},"9":{"name":"(anonymous_9)","decl":{"start":{"line":281,"column":40},"end":{"line":281,"column":41}},"loc":{"start":{"line":281,"column":50},"end":{"line":281,"column":64}},"line":281},"10":{"name":"(anonymous_10)","decl":{"start":{"line":293,"column":24},"end":{"line":293,"column":25}},"loc":{"start":{"line":293,"column":38},"end":{"line":305,"column":3}},"line":293},"11":{"name":"(anonymous_11)","decl":{"start":{"line":299,"column":18},"end":{"line":299,"column":19}},"loc":{"start":{"line":299,"column":28},"end":{"line":299,"column":65}},"line":299},"12":{"name":"(anonymous_12)","decl":{"start":{"line":299,"column":40},"end":{"line":299,"column":41}},"loc":{"start":{"line":299,"column":50},"end":{"line":299,"column":64}},"line":299},"13":{"name":"(anonymous_13)","decl":{"start":{"line":300,"column":26},"end":{"line":300,"column":27}},"loc":{"start":{"line":300,"column":34},"end":{"line":300,"column":76}},"line":300},"14":{"name":"(anonymous_14)","decl":{"start":{"line":300,"column":46},"end":{"line":300,"column":47}},"loc":{"start":{"line":300,"column":59},"end":{"line":300,"column":75}},"line":300},"15":{"name":"(anonymous_15)","decl":{"start":{"line":307,"column":30},"end":{"line":307,"column":31}},"loc":{"start":{"line":307,"column":38},"end":{"line":311,"column":3}},"line":307},"16":{"name":"(anonymous_16)","decl":{"start":{"line":308,"column":24},"end":{"line":308,"column":25}},"loc":{"start":{"line":309,"column":6},"end":{"line":309,"column":84}},"line":309},"17":{"name":"(anonymous_17)","decl":{"start":{"line":309,"column":38},"end":{"line":309,"column":39}},"loc":{"start":{"line":309,"column":51},"end":{"line":309,"column":67}},"line":309},"18":{"name":"(anonymous_18)","decl":{"start":{"line":313,"column":28},"end":{"line":313,"column":29}},"loc":{"start":{"line":313,"column":34},"end":{"line":317,"column":3}},"line":313},"19":{"name":"(anonymous_19)","decl":{"start":{"line":314,"column":24},"end":{"line":314,"column":25}},"loc":{"start":{"line":315,"column":6},"end":{"line":315,"column":68}},"line":315},"20":{"name":"(anonymous_20)","decl":{"start":{"line":315,"column":58},"end":{"line":315,"column":59}},"loc":{"start":{"line":315,"column":63},"end":{"line":315,"column":67}},"line":315},"21":{"name":"(anonymous_21)","decl":{"start":{"line":319,"column":33},"end":{"line":319,"column":34}},"loc":{"start":{"line":319,"column":39},"end":{"line":324,"column":3}},"line":319},"22":{"name":"(anonymous_22)","decl":{"start":{"line":320,"column":37},"end":{"line":320,"column":38}},"loc":{"start":{"line":320,"column":42},"end":{"line":320,"column":73}},"line":320},"23":{"name":"(anonymous_23)","decl":{"start":{"line":321,"column":40},"end":{"line":321,"column":41}},"loc":{"start":{"line":321,"column":58},"end":{"line":321,"column":90}},"line":321},"24":{"name":"(anonymous_24)","decl":{"start":{"line":401,"column":28},"end":{"line":401,"column":29}},"loc":{"start":{"line":402,"column":16},"end":{"line":432,"column":21}},"line":402},"25":{"name":"(anonymous_25)","decl":{"start":{"line":407,"column":32},"end":{"line":407,"column":33}},"loc":{"start":{"line":407,"column":38},"end":{"line":407,"column":66}},"line":407},"26":{"name":"(anonymous_26)","decl":{"start":{"line":421,"column":31},"end":{"line":421,"column":32}},"loc":{"start":{"line":421,"column":37},"end":{"line":421,"column":55}},"line":421},"27":{"name":"(anonymous_27)","decl":{"start":{"line":427,"column":31},"end":{"line":427,"column":32}},"loc":{"start":{"line":427,"column":37},"end":{"line":427,"column":68}},"line":427},"28":{"name":"(anonymous_28)","decl":{"start":{"line":438,"column":23},"end":{"line":438,"column":24}},"loc":{"start":{"line":438,"column":29},"end":{"line":438,"column":52}},"line":438},"29":{"name":"(anonymous_29)","decl":{"start":{"line":456,"column":28},"end":{"line":456,"column":29}},"loc":{"start":{"line":456,"column":35},"end":{"line":456,"column":92}},"line":456},"30":{"name":"(anonymous_30)","decl":{"start":{"line":471,"column":27},"end":{"line":471,"column":28}},"loc":{"start":{"line":471,"column":33},"end":{"line":471,"column":57}},"line":471}},"branchMap":{"0":{"loc":{"start":{"line":201,"column":6},"end":{"line":203,"column":7}},"type":"if","locations":[{"start":{"line":201,"column":6},"end":{"line":203,"column":7}},{"start":{},"end":{}}],"line":201},"1":{"loc":{"start":{"line":214,"column":4},"end":{"line":277,"column":5}},"type":"if","locations":[{"start":{"line":214,"column":4},"end":{"line":277,"column":5}},{"start":{"line":275,"column":11},"end":{"line":277,"column":5}}],"line":214},"2":{"loc":{"start":{"line":214,"column":8},"end":{"line":214,"column":59}},"type":"binary-expr","locations":[{"start":{"line":214,"column":8},"end":{"line":214,"column":22}},{"start":{"line":214,"column":26},"end":{"line":214,"column":38}},{"start":{"line":214,"column":42},"end":{"line":214,"column":59}}],"line":214},"3":{"loc":{"start":{"line":217,"column":23},"end":{"line":217,"column":46}},"type":"cond-expr","locations":[{"start":{"line":217,"column":32},"end":{"line":217,"column":37}},{"start":{"line":217,"column":40},"end":{"line":217,"column":46}}],"line":217},"4":{"loc":{"start":{"line":218,"column":20},"end":{"line":218,"column":83}},"type":"cond-expr","locations":[{"start":{"line":218,"column":29},"end":{"line":218,"column":58}},{"start":{"line":218,"column":61},"end":{"line":218,"column":83}}],"line":218},"5":{"loc":{"start":{"line":234,"column":8},"end":{"line":236,"column":9}},"type":"if","locations":[{"start":{"line":234,"column":8},"end":{"line":236,"column":9}},{"start":{},"end":{}}],"line":234},"6":{"loc":{"start":{"line":241,"column":8},"end":{"line":266,"column":9}},"type":"if","locations":[{"start":{"line":241,"column":8},"end":{"line":266,"column":9}},{"start":{"line":255,"column":15},"end":{"line":266,"column":9}}],"line":241},"7":{"loc":{"start":{"line":243,"column":12},"end":{"line":253,"column":20}},"type":"cond-expr","locations":[{"start":{"line":244,"column":16},"end":{"line":252,"column":17}},{"start":{"line":253,"column":16},"end":{"line":253,"column":20}}],"line":243},"8":{"loc":{"start":{"line":282,"column":4},"end":{"line":291,"column":5}},"type":"if","locations":[{"start":{"line":282,"column":4},"end":{"line":291,"column":5}},{"start":{},"end":{}}],"line":282},"9":{"loc":{"start":{"line":296,"column":6},"end":{"line":298,"column":7}},"type":"if","locations":[{"start":{"line":296,"column":6},"end":{"line":298,"column":7}},{"start":{},"end":{}}],"line":296},"10":{"loc":{"start":{"line":309,"column":6},"end":{"line":309,"column":84}},"type":"cond-expr","locations":[{"start":{"line":309,"column":26},"end":{"line":309,"column":68}},{"start":{"line":309,"column":71},"end":{"line":309,"column":84}}],"line":309},"11":{"loc":{"start":{"line":315,"column":6},"end":{"line":315,"column":68}},"type":"cond-expr","locations":[{"start":{"line":315,"column":40},"end":{"line":315,"column":42}},{"start":{"line":315,"column":45},"end":{"line":315,"column":68}}],"line":315},"12":{"loc":{"start":{"line":322,"column":24},"end":{"line":322,"column":82}},"type":"cond-expr","locations":[{"start":{"line":322,"column":41},"end":{"line":322,"column":78}},{"start":{"line":322,"column":81},"end":{"line":322,"column":82}}],"line":322},"13":{"loc":{"start":{"line":331,"column":11},"end":{"line":331,"column":50}},"type":"cond-expr","locations":[{"start":{"line":331,"column":20},"end":{"line":331,"column":34}},{"start":{"line":331,"column":37},"end":{"line":331,"column":50}}],"line":331},"14":{"loc":{"start":{"line":384,"column":13},"end":{"line":384,"column":54}},"type":"cond-expr","locations":[{"start":{"line":384,"column":22},"end":{"line":384,"column":38}},{"start":{"line":384,"column":41},"end":{"line":384,"column":54}}],"line":384},"15":{"loc":{"start":{"line":388,"column":9},"end":{"line":444,"column":9}},"type":"binary-expr","locations":[{"start":{"line":388,"column":9},"end":{"line":388,"column":28}},{"start":{"line":389,"column":10},"end":{"line":443,"column":16}}],"line":388},"16":{"loc":{"start":{"line":396,"column":17},"end":{"line":396,"column":92}},"type":"cond-expr","locations":[{"start":{"line":396,"column":63},"end":{"line":396,"column":77}},{"start":{"line":396,"column":80},"end":{"line":396,"column":92}}],"line":396},"17":{"loc":{"start":{"line":412,"column":65},"end":{"line":412,"column":101}},"type":"binary-expr","locations":[{"start":{"line":412,"column":65},"end":{"line":412,"column":81}},{"start":{"line":412,"column":85},"end":{"line":412,"column":101}}],"line":412},"18":{"loc":{"start":{"line":446,"column":9},"end":{"line":478,"column":9}},"type":"binary-expr","locations":[{"start":{"line":446,"column":9},"end":{"line":446,"column":23}},{"start":{"line":447,"column":10},"end":{"line":477,"column":16}}],"line":446},"19":{"loc":{"start":{"line":456,"column":61},"end":{"line":456,"column":90}},"type":"binary-expr","locations":[{"start":{"line":456,"column":61},"end":{"line":456,"column":85}},{"start":{"line":456,"column":89},"end":{"line":456,"column":90}}],"line":456}},"s":{"0":6,"1":6,"2":6,"3":6,"4":6,"5":6,"6":6,"7":3,"8":3,"9":3,"10":6,"11":0,"12":0,"13":0,"14":0,"15":0,"16":0,"17":0,"18":0,"19":0,"20":6,"21":1,"22":0,"23":0,"24":0,"25":0,"26":0,"27":0,"28":0,"29":0,"30":0,"31":0,"32":0,"33":0,"34":0,"35":0,"36":0,"37":0,"38":0,"39":0,"40":0,"41":0,"42":1,"43":6,"44":0,"45":0,"46":0,"47":0,"48":0,"49":6,"50":0,"51":0,"52":0,"53":0,"54":0,"55":0,"56":0,"57":0,"58":0,"59":0,"60":0,"61":0,"62":6,"63":0,"64":0,"65":0,"66":6,"67":0,"68":0,"69":0,"70":6,"71":0,"72":0,"73":0,"74":0,"75":0,"76":0,"77":6,"78":0,"79":0,"80":0,"81":0,"82":0,"83":0,"84":0},"f":{"0":6,"1":3,"2":3,"3":0,"4":1,"5":0,"6":0,"7":0,"8":0,"9":0,"10":0,"11":0,"12":0,"13":0,"14":0,"15":0,"16":0,"17":0,"18":0,"19":0,"20":0,"21":0,"22":0,"23":0,"24":0,"25":0,"26":0,"27":0,"28":0,"29":0,"30":0},"b":{"0":[0,0],"1":[0,1],"2":[1,1,1],"3":[0,0],"4":[0,0],"5":[0,0],"6":[0,0],"7":[0,0],"8":[0,0],"9":[0,0],"10":[0,0],"11":[0,0],"12":[0,0],"13":[0,6],"14":[0,6],"15":[6,0],"16":[0,0],"17":[0,0],"18":[6,0],"19":[0,0]},"_coverageSchema":"1a1c01bbd47fc00a2c39e90264f33305004495a9","hash":"aa9be30e2203d085d11968fe26404b06493f552d"}
}
