{"C:\\Users\\LENOVO\\Documents\\digt2107-mass-splitter\\client\\src\\components\\Navbar.js": {"path":"C:\\Users\\LENOVO\\Documents\\digt2107-mass-splitter\\client\\src\\components\\Navbar.js","statementMap":{"0":{"start":{"line":13,"column":2},"end":{"line":59,"column":4}}},"fnMap":{"0":{"name":"Navbar","decl":{"start":{"line":12,"column":9},"end":{"line":12,"column":15}},"loc":{"start":{"line":12,"column":18},"end":{"line":60,"column":1}},"line":12}},"branchMap":{},"s":{"0":18},"f":{"0":18},"b":{},"_coverageSchema":"1a1c01bbd47fc00a2c39e90264f33305004495a9","hash":"4502dd9ac4dc130b6060c7eca5a483dc620027bf"}
,"C:\\Users\\LENOVO\\Documents\\digt2107-mass-splitter\\client\\src\\pages\\CreateGroup.js": {"path":"C:\\Users\\LENOVO\\Documents\\digt2107-mass-splitter\\client\\src\\pages\\CreateGroup.js","statementMap":{"0":{"start":{"line":7,"column":19},"end":{"line":7,"column":32}},"1":{"start":{"line":8,"column":36},"end":{"line":8,"column":48}},"2":{"start":{"line":9,"column":40},"end":{"line":9,"column":52}},"3":{"start":{"line":10,"column":32},"end":{"line":10,"column":44}},"4":{"start":{"line":11,"column":32},"end":{"line":11,"column":44}},"5":{"start":{"line":12,"column":42},"end":{"line":12,"column":54}},"6":{"start":{"line":14,"column":23},"end":{"line":14,"column":60}},"7":{"start":{"line":14,"column":34},"end":{"line":14,"column":60}},"8":{"start":{"line":17,"column":26},"end":{"line":44,"column":3}},"9":{"start":{"line":19,"column":4},"end":{"line":22,"column":5}},"10":{"start":{"line":20,"column":6},"end":{"line":20,"column":55}},"11":{"start":{"line":21,"column":6},"end":{"line":21,"column":13}},"12":{"start":{"line":23,"column":4},"end":{"line":26,"column":5}},"13":{"start":{"line":24,"column":6},"end":{"line":24,"column":60}},"14":{"start":{"line":25,"column":6},"end":{"line":25,"column":13}},"15":{"start":{"line":27,"column":4},"end":{"line":30,"column":5}},"16":{"start":{"line":27,"column":33},"end":{"line":27,"column":61}},"17":{"start":{"line":28,"column":6},"end":{"line":28,"column":46}},"18":{"start":{"line":29,"column":6},"end":{"line":29,"column":13}},"19":{"start":{"line":32,"column":4},"end":{"line":43,"column":5}},"20":{"start":{"line":33,"column":23},"end":{"line":33,"column":109}},"21":{"start":{"line":34,"column":6},"end":{"line":36,"column":7}},"22":{"start":{"line":35,"column":8},"end":{"line":35,"column":42}},"23":{"start":{"line":37,"column":19},"end":{"line":37,"column":40}},"24":{"start":{"line":38,"column":6},"end":{"line":38,"column":93}},"25":{"start":{"line":39,"column":6},"end":{"line":39,"column":25}},"26":{"start":{"line":40,"column":6},"end":{"line":40,"column":26}},"27":{"start":{"line":42,"column":6},"end":{"line":42,"column":63}},"28":{"start":{"line":46,"column":29},"end":{"line":49,"column":3}},"29":{"start":{"line":47,"column":4},"end":{"line":47,"column":67}},"30":{"start":{"line":47,"column":42},"end":{"line":47,"column":64}},"31":{"start":{"line":48,"column":4},"end":{"line":48,"column":71}},"32":{"start":{"line":48,"column":47},"end":{"line":48,"column":68}},"33":{"start":{"line":51,"column":29},"end":{"line":60,"column":3}},"34":{"start":{"line":52,"column":4},"end":{"line":55,"column":5}},"35":{"start":{"line":52,"column":34},"end":{"line":52,"column":54}},"36":{"start":{"line":53,"column":6},"end":{"line":53,"column":75}},"37":{"start":{"line":54,"column":6},"end":{"line":54,"column":13}},"38":{"start":{"line":56,"column":4},"end":{"line":59,"column":5}},"39":{"start":{"line":57,"column":6},"end":{"line":57,"column":37}},"40":{"start":{"line":58,"column":6},"end":{"line":58,"column":26}},"41":{"start":{"line":62,"column":31},"end":{"line":64,"column":3}},"42":{"start":{"line":63,"column":4},"end":{"line":63,"column":68}},"43":{"start":{"line":63,"column":46},"end":{"line":63,"column":65}},"44":{"start":{"line":66,"column":26},"end":{"line":101,"column":3}},"45":{"start":{"line":67,"column":4},"end":{"line":70,"column":5}},"46":{"start":{"line":68,"column":6},"end":{"line":68,"column":79}},"47":{"start":{"line":69,"column":6},"end":{"line":69,"column":13}},"48":{"start":{"line":72,"column":4},"end":{"line":100,"column":5}},"49":{"start":{"line":73,"column":34},"end":{"line":77,"column":8}},"50":{"start":{"line":79,"column":6},"end":{"line":81,"column":7}},"51":{"start":{"line":80,"column":8},"end":{"line":80,"column":50}},"52":{"start":{"line":83,"column":24},"end":{"line":83,"column":56}},"53":{"start":{"line":84,"column":22},"end":{"line":84,"column":39}},"54":{"start":{"line":86,"column":6},"end":{"line":92,"column":7}},"55":{"start":{"line":87,"column":8},"end":{"line":91,"column":11}},"56":{"start":{"line":93,"column":6},"end":{"line":93,"column":53}},"57":{"start":{"line":94,"column":6},"end":{"line":96,"column":15}},"58":{"start":{"line":95,"column":8},"end":{"line":95,"column":28}},"59":{"start":{"line":99,"column":6},"end":{"line":99,"column":84}},"60":{"start":{"line":103,"column":25},"end":{"line":107,"column":3}},"61":{"start":{"line":104,"column":19},"end":{"line":104,"column":85}},"62":{"start":{"line":105,"column":18},"end":{"line":105,"column":57}},"63":{"start":{"line":106,"column":4},"end":{"line":106,"column":25}},"64":{"start":{"line":109,"column":2},"end":{"line":211,"column":4}},"65":{"start":{"line":124,"column":31},"end":{"line":124,"column":59}},"66":{"start":{"line":160,"column":33},"end":{"line":160,"column":63}},"67":{"start":{"line":173,"column":16},"end":{"line":178,"column":21}},"68":{"start":{"line":175,"column":41},"end":{"line":175,"column":73}},"69":{"start":{"line":187,"column":16},"end":{"line":198,"column":21}},"70":{"start":{"line":190,"column":43},"end":{"line":190,"column":76}},"71":{"start":{"line":194,"column":43},"end":{"line":194,"column":74}}},"fnMap":{"0":{"name":"CreateGroup","decl":{"start":{"line":6,"column":9},"end":{"line":6,"column":20}},"loc":{"start":{"line":6,"column":23},"end":{"line":212,"column":1}},"line":6},"1":{"name":"(anonymous_1)","decl":{"start":{"line":14,"column":23},"end":{"line":14,"column":24}},"loc":{"start":{"line":14,"column":34},"end":{"line":14,"column":60}},"line":14},"2":{"name":"(anonymous_2)","decl":{"start":{"line":17,"column":26},"end":{"line":17,"column":27}},"loc":{"start":{"line":17,"column":38},"end":{"line":44,"column":3}},"line":17},"3":{"name":"(anonymous_3)","decl":{"start":{"line":27,"column":21},"end":{"line":27,"column":22}},"loc":{"start":{"line":27,"column":33},"end":{"line":27,"column":61}},"line":27},"4":{"name":"(anonymous_4)","decl":{"start":{"line":46,"column":29},"end":{"line":46,"column":30}},"loc":{"start":{"line":46,"column":40},"end":{"line":49,"column":3}},"line":46},"5":{"name":"(anonymous_5)","decl":{"start":{"line":47,"column":30},"end":{"line":47,"column":31}},"loc":{"start":{"line":47,"column":42},"end":{"line":47,"column":64}},"line":47},"6":{"name":"(anonymous_6)","decl":{"start":{"line":48,"column":30},"end":{"line":48,"column":31}},"loc":{"start":{"line":48,"column":47},"end":{"line":48,"column":68}},"line":48},"7":{"name":"(anonymous_7)","decl":{"start":{"line":51,"column":29},"end":{"line":51,"column":30}},"loc":{"start":{"line":51,"column":39},"end":{"line":60,"column":3}},"line":51},"8":{"name":"(anonymous_8)","decl":{"start":{"line":52,"column":22},"end":{"line":52,"column":23}},"loc":{"start":{"line":52,"column":34},"end":{"line":52,"column":54}},"line":52},"9":{"name":"(anonymous_9)","decl":{"start":{"line":62,"column":31},"end":{"line":62,"column":32}},"loc":{"start":{"line":62,"column":41},"end":{"line":64,"column":3}},"line":62},"10":{"name":"(anonymous_10)","decl":{"start":{"line":63,"column":30},"end":{"line":63,"column":31}},"loc":{"start":{"line":63,"column":46},"end":{"line":63,"column":65}},"line":63},"11":{"name":"(anonymous_11)","decl":{"start":{"line":66,"column":26},"end":{"line":66,"column":27}},"loc":{"start":{"line":66,"column":38},"end":{"line":101,"column":3}},"line":66},"12":{"name":"(anonymous_12)","decl":{"start":{"line":94,"column":17},"end":{"line":94,"column":18}},"loc":{"start":{"line":94,"column":23},"end":{"line":96,"column":7}},"line":94},"13":{"name":"(anonymous_13)","decl":{"start":{"line":103,"column":25},"end":{"line":103,"column":26}},"loc":{"start":{"line":103,"column":40},"end":{"line":107,"column":3}},"line":103},"14":{"name":"(anonymous_14)","decl":{"start":{"line":124,"column":24},"end":{"line":124,"column":25}},"loc":{"start":{"line":124,"column":31},"end":{"line":124,"column":59}},"line":124},"15":{"name":"(anonymous_15)","decl":{"start":{"line":160,"column":26},"end":{"line":160,"column":27}},"loc":{"start":{"line":160,"column":33},"end":{"line":160,"column":63}},"line":160},"16":{"name":"(anonymous_16)","decl":{"start":{"line":172,"column":27},"end":{"line":172,"column":28}},"loc":{"start":{"line":173,"column":16},"end":{"line":178,"column":21}},"line":173},"17":{"name":"(anonymous_17)","decl":{"start":{"line":175,"column":35},"end":{"line":175,"column":36}},"loc":{"start":{"line":175,"column":41},"end":{"line":175,"column":73}},"line":175},"18":{"name":"(anonymous_18)","decl":{"start":{"line":186,"column":27},"end":{"line":186,"column":28}},"loc":{"start":{"line":187,"column":16},"end":{"line":198,"column":21}},"line":187},"19":{"name":"(anonymous_19)","decl":{"start":{"line":190,"column":37},"end":{"line":190,"column":38}},"loc":{"start":{"line":190,"column":43},"end":{"line":190,"column":76}},"line":190},"20":{"name":"(anonymous_20)","decl":{"start":{"line":194,"column":37},"end":{"line":194,"column":38}},"loc":{"start":{"line":194,"column":43},"end":{"line":194,"column":74}},"line":194}},"branchMap":{"0":{"loc":{"start":{"line":19,"column":4},"end":{"line":22,"column":5}},"type":"if","locations":[{"start":{"line":19,"column":4},"end":{"line":22,"column":5}},{"start":{},"end":{}}],"line":19},"1":{"loc":{"start":{"line":23,"column":4},"end":{"line":26,"column":5}},"type":"if","locations":[{"start":{"line":23,"column":4},"end":{"line":26,"column":5}},{"start":{},"end":{}}],"line":23},"2":{"loc":{"start":{"line":27,"column":4},"end":{"line":30,"column":5}},"type":"if","locations":[{"start":{"line":27,"column":4},"end":{"line":30,"column":5}},{"start":{},"end":{}}],"line":27},"3":{"loc":{"start":{"line":34,"column":6},"end":{"line":36,"column":7}},"type":"if","locations":[{"start":{"line":34,"column":6},"end":{"line":36,"column":7}},{"start":{},"end":{}}],"line":34},"4":{"loc":{"start":{"line":42,"column":22},"end":{"line":42,"column":61}},"type":"binary-expr","locations":[{"start":{"line":42,"column":22},"end":{"line":42,"column":35}},{"start":{"line":42,"column":39},"end":{"line":42,"column":61}}],"line":42},"5":{"loc":{"start":{"line":52,"column":4},"end":{"line":55,"column":5}},"type":"if","locations":[{"start":{"line":52,"column":4},"end":{"line":55,"column":5}},{"start":{},"end":{}}],"line":52},"6":{"loc":{"start":{"line":56,"column":4},"end":{"line":59,"column":5}},"type":"if","locations":[{"start":{"line":56,"column":4},"end":{"line":59,"column":5}},{"start":{},"end":{}}],"line":56},"7":{"loc":{"start":{"line":67,"column":4},"end":{"line":70,"column":5}},"type":"if","locations":[{"start":{"line":67,"column":4},"end":{"line":70,"column":5}},{"start":{},"end":{}}],"line":67},"8":{"loc":{"start":{"line":67,"column":8},"end":{"line":67,"column":55}},"type":"binary-expr","locations":[{"start":{"line":67,"column":8},"end":{"line":67,"column":31}},{"start":{"line":67,"column":35},"end":{"line":67,"column":55}}],"line":67},"9":{"loc":{"start":{"line":79,"column":6},"end":{"line":81,"column":7}},"type":"if","locations":[{"start":{"line":79,"column":6},"end":{"line":81,"column":7}},{"start":{},"end":{}}],"line":79},"10":{"loc":{"start":{"line":99,"column":22},"end":{"line":99,"column":82}},"type":"binary-expr","locations":[{"start":{"line":99,"column":22},"end":{"line":99,"column":65}},{"start":{"line":99,"column":69},"end":{"line":99,"column":82}}],"line":99},"11":{"loc":{"start":{"line":115,"column":11},"end":{"line":115,"column":78}},"type":"binary-expr","locations":[{"start":{"line":115,"column":11},"end":{"line":115,"column":23}},{"start":{"line":115,"column":27},"end":{"line":115,"column":78}}],"line":115},"12":{"loc":{"start":{"line":132,"column":13},"end":{"line":147,"column":13}},"type":"cond-expr","locations":[{"start":{"line":133,"column":14},"end":{"line":140,"column":20}},{"start":{"line":142,"column":14},"end":{"line":146,"column":16}}],"line":132},"13":{"loc":{"start":{"line":181,"column":13},"end":{"line":181,"column":96}},"type":"binary-expr","locations":[{"start":{"line":181,"column":13},"end":{"line":181,"column":33}},{"start":{"line":181,"column":37},"end":{"line":181,"column":96}}],"line":181},"14":{"loc":{"start":{"line":189,"column":19},"end":{"line":197,"column":19}},"type":"cond-expr","locations":[{"start":{"line":190,"column":20},"end":{"line":192,"column":29}},{"start":{"line":194,"column":20},"end":{"line":196,"column":29}}],"line":189},"15":{"loc":{"start":{"line":201,"column":13},"end":{"line":201,"column":101}},"type":"binary-expr","locations":[{"start":{"line":201,"column":13},"end":{"line":201,"column":33}},{"start":{"line":201,"column":37},"end":{"line":201,"column":101}}],"line":201}},"s":{"0":22,"1":17,"2":17,"3":17,"4":17,"5":17,"6":17,"7":4,"8":17,"9":4,"10":0,"11":0,"12":4,"13":1,"14":1,"15":3,"16":0,"17":0,"18":0,"19":3,"20":3,"21":3,"22":0,"23":3,"24":3,"25":3,"26":3,"27":0,"28":17,"29":0,"30":0,"31":0,"32":0,"33":17,"34":0,"35":0,"36":0,"37":0,"38":0,"39":0,"40":0,"41":17,"42":0,"43":0,"44":17,"45":1,"46":1,"47":1,"48":0,"49":0,"50":0,"51":0,"52":0,"53":0,"54":0,"55":0,"56":0,"57":0,"58":0,"59":0,"60":17,"61":1,"62":1,"63":1,"64":17,"65":1,"66":4,"67":3,"68":0,"69":3,"70":0,"71":0},"f":{"0":22,"1":4,"2":4,"3":0,"4":0,"5":0,"6":0,"7":0,"8":0,"9":0,"10":0,"11":1,"12":0,"13":1,"14":1,"15":4,"16":3,"17":0,"18":3,"19":0,"20":0},"b":{"0":[0,4],"1":[1,3],"2":[0,3],"3":[0,3],"4":[0,0],"5":[0,0],"6":[0,0],"7":[1,0],"8":[1,0],"9":[0,0],"10":[0,0],"11":[17,2],"12":[1,16],"13":[17,14],"14":[0,3],"15":[17,17]},"_coverageSchema":"1a1c01bbd47fc00a2c39e90264f33305004495a9","hash":"483d093cbf7458dbb33c99002c56ee4b83ce5caf"}
}
