TN:
SF:src\components\Navbar.js
FN:12,Navbar
FNF:1
FNH:1
FNDA:18,Navbar
DA:13,18
LF:1
LH:1
BRF:0
BRH:0
end_of_record
TN:
SF:src\pages\CreateGroup.js
FN:6,CreateGroup
FN:14,(anonymous_1)
FN:17,(anonymous_2)
FN:27,(anonymous_3)
FN:46,(anonymous_4)
FN:47,(anonymous_5)
FN:48,(anonymous_6)
FN:51,(anonymous_7)
FN:52,(anonymous_8)
FN:62,(anonymous_9)
FN:63,(anonymous_10)
FN:66,(anonymous_11)
FN:94,(anonymous_12)
FN:103,(anonymous_13)
FN:124,(anonymous_14)
FN:160,(anonymous_15)
FN:172,(anonymous_16)
FN:175,(anonymous_17)
FN:186,(anonymous_18)
FN:190,(anonymous_19)
FN:194,(anonymous_20)
FNF:21
FNH:9
FNDA:22,CreateGroup
FNDA:4,(anonymous_1)
FNDA:4,(anonymous_2)
FNDA:0,(anonymous_3)
FNDA:0,(anonymous_4)
FNDA:0,(anonymous_5)
FNDA:0,(anonymous_6)
FNDA:0,(anonymous_7)
FNDA:0,(anonymous_8)
FNDA:0,(anonymous_9)
FNDA:0,(anonymous_10)
FNDA:1,(anonymous_11)
FNDA:0,(anonymous_12)
FNDA:1,(anonymous_13)
FNDA:1,(anonymous_14)
FNDA:4,(anonymous_15)
FNDA:3,(anonymous_16)
FNDA:0,(anonymous_17)
FNDA:3,(anonymous_18)
FNDA:0,(anonymous_19)
FNDA:0,(anonymous_20)
DA:7,22
DA:8,17
DA:9,17
DA:10,17
DA:11,17
DA:12,17
DA:14,17
DA:17,17
DA:19,4
DA:20,0
DA:21,0
DA:23,4
DA:24,1
DA:25,1
DA:27,3
DA:28,0
DA:29,0
DA:32,3
DA:33,3
DA:34,3
DA:35,0
DA:37,3
DA:38,3
DA:39,3
DA:40,3
DA:42,0
DA:46,17
DA:47,0
DA:48,0
DA:51,17
DA:52,0
DA:53,0
DA:54,0
DA:56,0
DA:57,0
DA:58,0
DA:62,17
DA:63,0
DA:66,17
DA:67,1
DA:68,1
DA:69,1
DA:72,0
DA:73,0
DA:79,0
DA:80,0
DA:83,0
DA:84,0
DA:86,0
DA:87,0
DA:93,0
DA:94,0
DA:95,0
DA:99,0
DA:103,17
DA:104,1
DA:105,1
DA:106,1
DA:109,17
DA:124,1
DA:160,4
DA:173,3
DA:175,0
DA:187,3
DA:190,0
DA:194,0
LF:66
LH:36
BRDA:19,0,0,0
BRDA:19,0,1,4
BRDA:23,1,0,1
BRDA:23,1,1,3
BRDA:27,2,0,0
BRDA:27,2,1,3
BRDA:34,3,0,0
BRDA:34,3,1,3
BRDA:42,4,0,0
BRDA:42,4,1,0
BRDA:52,5,0,0
BRDA:52,5,1,0
BRDA:56,6,0,0
BRDA:56,6,1,0
BRDA:67,7,0,1
BRDA:67,7,1,0
BRDA:67,8,0,1
BRDA:67,8,1,0
BRDA:79,9,0,0
BRDA:79,9,1,0
BRDA:99,10,0,0
BRDA:99,10,1,0
BRDA:115,11,0,17
BRDA:115,11,1,2
BRDA:132,12,0,1
BRDA:132,12,1,16
BRDA:181,13,0,17
BRDA:181,13,1,14
BRDA:189,14,0,0
BRDA:189,14,1,3
BRDA:201,15,0,17
BRDA:201,15,1,17
BRF:32
BRH:16
end_of_record
