TN:
SF:src\App.js
FN:31,HomeButton
FN:35,(anonymous_1)
FN:43,MainApp
FN:49,(anonymous_3)
FN:97,App
FNF:5
FNH:3
FNDA:1,HomeButton
FNDA:0,(anonymous_1)
FNDA:1,MainApp
FNDA:1,(anonymous_3)
FNDA:0,App
DA:18,1
DA:32,1
DA:33,1
DA:35,0
DA:46,1
DA:47,1
DA:49,1
DA:50,1
DA:51,1
DA:52,1
DA:53,1
DA:56,1
DA:99,0
DA:105,0
LF:14
LH:11
BRDA:82,0,0,1
BRDA:82,0,1,0
BRF:2
BRH:1
end_of_record
TN:
SF:src\components\AddReceipt.js
FN:6,AddReceipt
FN:15,(anonymous_1)
FN:16,(anonymous_2)
FN:41,(anonymous_3)
FN:43,(anonymous_4)
FN:47,(anonymous_5)
FN:120,(anonymous_6)
FNF:7
FNH:6
FNDA:10,AddReceipt
FNDA:3,(anonymous_1)
FNDA:3,(anonymous_2)
FNDA:4,(anonymous_3)
FNDA:4,(anonymous_4)
FNDA:2,(anonymous_5)
FNDA:0,(anonymous_6)
DA:7,10
DA:8,10
DA:9,10
DA:10,10
DA:12,10
DA:15,10
DA:16,3
DA:17,3
DA:18,3
DA:20,3
DA:21,3
DA:22,0
DA:23,0
DA:27,0
DA:28,0
DA:31,3
DA:33,0
DA:37,3
DA:41,10
DA:42,4
DA:43,4
DA:47,10
DA:48,2
DA:49,0
DA:57,0
DA:58,0
DA:61,0
DA:62,0
DA:63,0
DA:65,2
DA:69,10
DA:121,0
LF:32
LH:20
BRDA:21,0,0,0
BRDA:21,0,1,3
BRDA:27,1,0,0
BRDA:27,1,1,0
BRDA:48,2,0,0
BRDA:48,2,1,2
BRDA:48,3,0,2
BRDA:48,3,1,1
BRDA:48,3,2,1
BRDA:58,4,0,0
BRDA:58,4,1,0
BRDA:61,5,0,0
BRDA:61,5,1,0
BRDA:75,6,0,0
BRDA:75,6,1,10
BRDA:114,7,0,10
BRDA:114,7,1,10
BRDA:114,7,2,10
BRDA:129,8,0,0
BRDA:129,8,1,10
BRF:20
BRH:10
end_of_record
TN:
SF:src\components\ConfirmationModal.js
FN:4,ConfirmationModal
FNF:1
FNH:1
FNDA:135,ConfirmationModal
DA:5,135
DA:7,10
LF:2
LH:2
BRDA:5,0,0,125
BRDA:5,0,1,10
BRF:2
BRH:2
end_of_record
TN:
SF:src\components\Navbar.js
FN:12,Navbar
FNF:1
FNH:1
FNDA:101,Navbar
DA:13,101
LF:1
LH:1
BRF:0
BRH:0
end_of_record
TN:
SF:src\components\PaymentReceipt.js
FN:3,(anonymous_0)
FNF:1
FNH:1
FNDA:1,(anonymous_0)
DA:3,2
DA:4,1
LF:2
LH:2
BRDA:20,0,0,0
BRDA:20,0,1,1
BRDA:21,1,0,0
BRDA:21,1,1,1
BRF:4
BRH:2
end_of_record
TN:
SF:src\components\ReceiptList.js
FN:4,ReceiptList
FN:11,(anonymous_1)
FN:12,(anonymous_2)
FN:21,(anonymous_3)
FN:23,(anonymous_4)
FN:27,(anonymous_5)
FN:28,(anonymous_6)
FN:29,(anonymous_7)
FN:41,(anonymous_8)
FN:49,(anonymous_9)
FN:101,(anonymous_10)
FNF:11
FNH:9
FNDA:13,ReceiptList
FNDA:3,(anonymous_1)
FNDA:3,(anonymous_2)
FNDA:4,(anonymous_3)
FNDA:4,(anonymous_4)
FNDA:1,(anonymous_5)
FNDA:0,(anonymous_6)
FNDA:0,(anonymous_7)
FNDA:26,(anonymous_8)
FNDA:3,(anonymous_9)
FNDA:1,(anonymous_10)
DA:5,13
DA:6,13
DA:7,13
DA:8,13
DA:11,13
DA:12,3
DA:13,3
DA:14,3
DA:15,3
DA:16,3
DA:21,13
DA:22,4
DA:23,4
DA:27,13
DA:28,1
DA:29,0
DA:31,1
DA:34,13
DA:42,26
DA:49,3
DA:101,1
LF:21
LH:20
BRDA:13,0,0,3
BRDA:13,0,1,0
BRDA:29,1,0,0
BRDA:29,1,1,0
BRDA:37,2,0,0
BRDA:37,2,1,13
BRDA:44,3,0,26
BRDA:44,3,1,0
BRDA:59,4,0,13
BRDA:59,4,1,7
BRF:10
BRH:5
end_of_record
TN:
SF:src\components\UserGroups.js
FN:5,UserGroups
FN:11,(anonymous_1)
FN:16,(anonymous_2)
FN:39,(anonymous_3)
FN:51,(anonymous_4)
FN:69,(anonymous_5)
FN:74,(anonymous_6)
FN:88,(anonymous_7)
FN:89,(anonymous_8)
FNF:9
FNH:8
FNDA:16,UserGroups
FNDA:6,(anonymous_1)
FNDA:6,(anonymous_2)
FNDA:2,(anonymous_3)
FNDA:1,(anonymous_4)
FNDA:7,(anonymous_5)
FNDA:2,(anonymous_6)
FNDA:2,(anonymous_7)
FNDA:0,(anonymous_8)
DA:6,16
DA:7,15
DA:8,15
DA:9,15
DA:11,15
DA:12,6
DA:16,15
DA:17,6
DA:18,6
DA:19,6
DA:20,1
DA:21,1
DA:24,5
DA:25,5
DA:26,0
DA:29,4
DA:30,4
DA:32,1
DA:34,6
DA:39,15
DA:40,2
DA:41,2
DA:45,2
DA:46,1
DA:47,1
DA:51,1
DA:52,1
DA:54,1
DA:58,15
DA:70,7
DA:74,2
DA:88,2
DA:89,0
LF:33
LH:31
BRDA:19,0,0,1
BRDA:19,0,1,5
BRDA:19,1,0,6
BRDA:19,1,1,5
BRDA:25,2,0,0
BRDA:25,2,1,4
BRDA:45,3,0,1
BRDA:45,3,1,1
BRDA:62,4,0,15
BRDA:62,4,1,6
BRDA:63,5,0,15
BRDA:63,5,1,2
BRDA:65,6,0,3
BRDA:65,6,1,12
BRDA:65,7,0,15
BRDA:65,7,1,9
BRF:16
BRH:15
end_of_record
TN:
SF:src\pages\CreateBill.js
FN:8,CreateBill
FN:16,(anonymous_1)
FN:21,(anonymous_2)
FN:28,(anonymous_3)
FN:34,(anonymous_4)
FN:86,(anonymous_5)
FN:98,(anonymous_6)
FNF:7
FNH:5
FNDA:17,CreateBill
FNDA:2,(anonymous_1)
FNDA:1,(anonymous_2)
FNDA:2,(anonymous_3)
FNDA:1,(anonymous_4)
FNDA:0,(anonymous_5)
FNDA:0,(anonymous_6)
DA:9,17
DA:10,16
DA:11,16
DA:12,16
DA:13,16
DA:16,16
DA:17,2
DA:21,16
DA:22,1
DA:23,1
DA:24,1
DA:28,16
DA:29,2
DA:30,2
DA:34,16
DA:35,1
DA:36,1
DA:37,1
DA:40,16
DA:86,0
DA:98,0
LF:21
LH:19
BRDA:29,0,0,0
BRDA:29,0,1,2
BRDA:68,1,0,8
BRDA:68,1,1,8
BRF:4
BRH:3
end_of_record
TN:
SF:src\pages\CreateGroup.js
FN:6,CreateGroup
FN:14,(anonymous_1)
FN:17,(anonymous_2)
FN:27,(anonymous_3)
FN:46,(anonymous_4)
FN:47,(anonymous_5)
FN:48,(anonymous_6)
FN:51,(anonymous_7)
FN:52,(anonymous_8)
FN:62,(anonymous_9)
FN:63,(anonymous_10)
FN:66,(anonymous_11)
FN:94,(anonymous_12)
FN:103,(anonymous_13)
FN:124,(anonymous_14)
FN:160,(anonymous_15)
FN:172,(anonymous_16)
FN:175,(anonymous_17)
FN:186,(anonymous_18)
FN:190,(anonymous_19)
FN:194,(anonymous_20)
FNF:21
FNH:9
FNDA:22,CreateGroup
FNDA:4,(anonymous_1)
FNDA:4,(anonymous_2)
FNDA:0,(anonymous_3)
FNDA:0,(anonymous_4)
FNDA:0,(anonymous_5)
FNDA:0,(anonymous_6)
FNDA:0,(anonymous_7)
FNDA:0,(anonymous_8)
FNDA:0,(anonymous_9)
FNDA:0,(anonymous_10)
FNDA:1,(anonymous_11)
FNDA:0,(anonymous_12)
FNDA:1,(anonymous_13)
FNDA:1,(anonymous_14)
FNDA:4,(anonymous_15)
FNDA:3,(anonymous_16)
FNDA:0,(anonymous_17)
FNDA:3,(anonymous_18)
FNDA:0,(anonymous_19)
FNDA:0,(anonymous_20)
DA:7,22
DA:8,17
DA:9,17
DA:10,17
DA:11,17
DA:12,17
DA:14,17
DA:17,17
DA:19,4
DA:20,0
DA:21,0
DA:23,4
DA:24,1
DA:25,1
DA:27,3
DA:28,0
DA:29,0
DA:32,3
DA:33,3
DA:34,3
DA:35,0
DA:37,3
DA:38,3
DA:39,3
DA:40,3
DA:42,0
DA:46,17
DA:47,0
DA:48,0
DA:51,17
DA:52,0
DA:53,0
DA:54,0
DA:56,0
DA:57,0
DA:58,0
DA:62,17
DA:63,0
DA:66,17
DA:67,1
DA:68,1
DA:69,1
DA:72,0
DA:73,0
DA:79,0
DA:80,0
DA:83,0
DA:84,0
DA:86,0
DA:87,0
DA:93,0
DA:94,0
DA:95,0
DA:99,0
DA:103,17
DA:104,1
DA:105,1
DA:106,1
DA:109,17
DA:124,1
DA:160,4
DA:173,3
DA:175,0
DA:187,3
DA:190,0
DA:194,0
LF:66
LH:36
BRDA:19,0,0,0
BRDA:19,0,1,4
BRDA:23,1,0,1
BRDA:23,1,1,3
BRDA:27,2,0,0
BRDA:27,2,1,3
BRDA:34,3,0,0
BRDA:34,3,1,3
BRDA:42,4,0,0
BRDA:42,4,1,0
BRDA:52,5,0,0
BRDA:52,5,1,0
BRDA:56,6,0,0
BRDA:56,6,1,0
BRDA:67,7,0,1
BRDA:67,7,1,0
BRDA:67,8,0,1
BRDA:67,8,1,0
BRDA:79,9,0,0
BRDA:79,9,1,0
BRDA:99,10,0,0
BRDA:99,10,1,0
BRDA:115,11,0,17
BRDA:115,11,1,2
BRDA:132,12,0,1
BRDA:132,12,1,16
BRDA:181,13,0,17
BRDA:181,13,1,14
BRDA:189,14,0,0
BRDA:189,14,1,3
BRDA:201,15,0,17
BRDA:201,15,1,17
BRF:32
BRH:16
end_of_record
TN:
SF:src\pages\GroupPage.js
FN:5,GroupsPage
FNF:1
FNH:1
FNDA:1,GroupsPage
DA:6,1
LF:1
LH:1
BRF:0
BRH:0
end_of_record
TN:
SF:src\pages\HomePage.js
FN:7,Homepage
FN:12,(anonymous_1)
FN:23,(anonymous_2)
FN:38,(anonymous_3)
FN:110,(anonymous_4)
FN:123,(anonymous_5)
FNF:6
FNH:4
FNDA:18,Homepage
FNDA:10,(anonymous_1)
FNDA:5,(anonymous_2)
FNDA:0,(anonymous_3)
FNDA:0,(anonymous_4)
FNDA:45,(anonymous_5)
DA:8,18
DA:9,15
DA:12,15
DA:13,10
DA:14,10
DA:15,5
DA:16,5
DA:18,5
DA:23,15
DA:24,5
DA:25,5
DA:26,0
DA:27,0
DA:28,0
DA:30,0
DA:33,5
DA:38,15
DA:39,0
DA:40,0
DA:41,0
DA:44,15
DA:111,0
DA:124,45
LF:23
LH:15
BRDA:14,0,0,5
BRDA:14,0,1,5
BRDA:26,1,0,0
BRDA:26,1,1,0
BRDA:76,2,0,15
BRDA:76,2,1,5
BRDA:109,3,0,0
BRDA:109,3,1,15
BRDA:109,4,0,15
BRDA:109,4,1,5
BRF:10
BRH:7
end_of_record
TN:
SF:src\pages\LoginPage.js
FN:8,(anonymous_0)
FN:12,(anonymous_1)
FN:23,checkUser
FN:67,LoginPage
FN:80,(anonymous_4)
FNF:5
FNH:3
FNDA:1,(anonymous_0)
FNDA:1,(anonymous_1)
FNDA:4,checkUser
FNDA:0,LoginPage
FNDA:0,(anonymous_4)
DA:8,1
DA:9,1
DA:12,1
DA:13,1
DA:14,1
DA:16,1
DA:17,1
DA:18,1
DA:24,4
DA:25,4
DA:26,4
DA:27,3
DA:29,3
DA:31,2
DA:32,2
DA:33,2
DA:34,2
DA:37,1
DA:48,1
DA:49,1
DA:50,1
DA:51,1
DA:52,1
DA:53,1
DA:55,0
DA:56,0
DA:57,0
DA:61,1
DA:62,1
DA:68,0
DA:69,0
DA:72,0
DA:80,0
LF:33
LH:26
BRDA:16,0,0,1
BRDA:16,0,1,0
BRDA:18,1,0,1
BRDA:18,1,1,0
BRDA:29,2,0,2
BRDA:29,2,1,1
BRDA:48,3,0,1
BRDA:48,3,1,0
BRF:8
BRH:5
end_of_record
TN:
SF:src\pages\SplitBill.js
FN:7,SplitBill
FN:20,(anonymous_1)
FN:30,(anonymous_2)
FN:33,(anonymous_3)
FN:63,(anonymous_4)
FN:66,(anonymous_5)
FN:69,(anonymous_6)
FN:71,(anonymous_7)
FN:72,(anonymous_8)
FN:74,(anonymous_9)
FN:89,(anonymous_10)
FN:94,(anonymous_11)
FN:101,(anonymous_12)
FN:102,(anonymous_13)
FN:107,(anonymous_14)
FN:111,(anonymous_15)
FN:112,(anonymous_16)
FN:125,(anonymous_17)
FN:126,(anonymous_18)
FN:131,(anonymous_19)
FN:132,(anonymous_20)
FN:158,(anonymous_21)
FN:171,(anonymous_22)
FN:176,(anonymous_23)
FN:185,(anonymous_24)
FN:197,(anonymous_25)
FN:203,(anonymous_26)
FN:227,(anonymous_27)
FN:259,(anonymous_28)
FN:267,(anonymous_29)
FN:284,(anonymous_30)
FN:301,(anonymous_31)
FN:304,(anonymous_32)
FN:313,(anonymous_33)
FN:324,(anonymous_34)
FNF:35
FNH:27
FNDA:23,SplitBill
FNDA:5,(anonymous_1)
FNDA:10,(anonymous_2)
FNDA:5,(anonymous_3)
FNDA:17,(anonymous_4)
FNDA:14,(anonymous_5)
FNDA:4,(anonymous_6)
FNDA:8,(anonymous_7)
FNDA:8,(anonymous_8)
FNDA:4,(anonymous_9)
FNDA:1,(anonymous_10)
FNDA:1,(anonymous_11)
FNDA:1,(anonymous_12)
FNDA:2,(anonymous_13)
FNDA:1,(anonymous_14)
FNDA:1,(anonymous_15)
FNDA:1,(anonymous_16)
FNDA:0,(anonymous_17)
FNDA:0,(anonymous_18)
FNDA:0,(anonymous_19)
FNDA:0,(anonymous_20)
FNDA:0,(anonymous_21)
FNDA:1,(anonymous_22)
FNDA:1,(anonymous_23)
FNDA:2,(anonymous_24)
FNDA:2,(anonymous_25)
FNDA:0,(anonymous_26)
FNDA:17,(anonymous_27)
FNDA:8,(anonymous_28)
FNDA:1,(anonymous_29)
FNDA:12,(anonymous_30)
FNDA:20,(anonymous_31)
FNDA:20,(anonymous_32)
FNDA:0,(anonymous_33)
FNDA:0,(anonymous_34)
DA:8,23
DA:9,23
DA:10,22
DA:11,22
DA:12,22
DA:13,22
DA:14,22
DA:15,22
DA:16,22
DA:17,22
DA:20,22
DA:21,5
DA:22,5
DA:24,5
DA:25,5
DA:30,22
DA:31,10
DA:33,5
DA:34,5
DA:39,5
DA:40,5
DA:41,5
DA:43,5
DA:44,5
DA:48,5
DA:53,5
DA:54,5
DA:55,5
DA:59,5
DA:63,22
DA:66,22
DA:67,14
DA:69,4
DA:70,4
DA:71,8
DA:72,8
DA:74,4
DA:75,4
DA:76,4
DA:79,4
DA:81,4
DA:82,4
DA:85,4
DA:89,22
DA:90,1
DA:94,22
DA:95,1
DA:96,1
DA:97,1
DA:101,22
DA:102,2
DA:103,1
DA:107,22
DA:109,1
DA:110,1
DA:111,1
DA:112,1
DA:113,1
DA:124,0
DA:125,0
DA:126,0
DA:129,0
DA:131,0
DA:132,0
DA:133,0
DA:134,0
DA:136,0
DA:144,0
DA:146,0
DA:157,0
DA:158,0
DA:161,1
DA:164,1
DA:165,1
DA:166,1
DA:167,1
DA:171,22
DA:172,1
DA:176,22
DA:177,1
DA:178,1
DA:181,1
DA:182,1
DA:185,1
DA:186,2
DA:187,2
DA:189,0
DA:193,1
DA:194,1
DA:196,1
DA:197,1
DA:198,2
DA:202,0
DA:203,0
DA:204,0
DA:208,1
DA:211,22
DA:228,17
DA:260,8
DA:267,1
DA:285,12
DA:301,20
DA:304,20
DA:313,0
DA:324,0
LF:105
LH:86
BRDA:21,0,0,5
BRDA:21,0,1,0
BRDA:24,1,0,5
BRDA:24,1,1,0
BRDA:31,2,0,5
BRDA:31,2,1,5
BRDA:39,3,0,5
BRDA:39,3,1,0
BRDA:53,4,0,5
BRDA:53,4,1,0
BRDA:67,5,0,10
BRDA:67,5,1,4
BRDA:67,6,0,14
BRDA:67,6,1,4
BRDA:71,7,0,4
BRDA:71,7,1,4
BRDA:102,8,0,0
BRDA:102,8,1,1
BRDA:102,9,0,1
BRDA:102,9,1,0
BRDA:133,10,0,0
BRDA:133,10,1,0
BRDA:134,11,0,0
BRDA:134,11,1,0
BRDA:186,12,0,2
BRDA:186,12,1,0
BRDA:186,13,0,2
BRDA:186,13,1,1
BRDA:194,14,0,1
BRDA:194,14,1,0
BRDA:198,15,0,2
BRDA:198,15,1,0
BRDA:198,16,0,2
BRDA:198,16,1,1
BRDA:202,17,0,0
BRDA:202,17,1,0
BRDA:204,18,0,0
BRDA:204,18,1,0
BRDA:204,19,0,0
BRDA:204,19,1,0
BRDA:223,20,0,5
BRDA:223,20,1,17
BRDA:229,21,0,17
BRDA:229,21,1,0
BRDA:256,22,0,22
BRDA:256,22,1,5
BRDA:270,23,0,8
BRDA:270,23,1,0
BRDA:271,24,0,8
BRDA:271,24,1,0
BRDA:281,25,0,22
BRDA:281,25,1,17
BRDA:281,25,2,12
BRDA:301,26,0,1
BRDA:301,26,1,21
BRDA:301,27,0,22
BRDA:301,27,1,12
BRDA:304,28,0,22
BRDA:304,28,1,0
BRF:59
BRH:36
end_of_record
TN:
SF:src\pages\SplitHistory.js
FN:7,SplitHistory
FN:19,(anonymous_1)
FN:20,(anonymous_2)
FN:80,(anonymous_3)
FN:90,(anonymous_4)
FN:100,(anonymous_5)
FN:101,(anonymous_6)
FN:112,(anonymous_7)
FN:117,(anonymous_8)
FN:121,(anonymous_9)
FN:133,(anonymous_10)
FN:136,(anonymous_11)
FN:143,(anonymous_12)
FN:153,(anonymous_13)
FN:180,(anonymous_14)
FN:183,(anonymous_15)
FN:208,(anonymous_16)
FN:219,(anonymous_17)
FNF:18
FNH:15
FNDA:23,SplitHistory
FNDA:7,(anonymous_1)
FNDA:7,(anonymous_2)
FNDA:1,(anonymous_3)
FNDA:1,(anonymous_4)
FNDA:22,(anonymous_5)
FNDA:26,(anonymous_6)
FNDA:2,(anonymous_7)
FNDA:1,(anonymous_8)
FNDA:1,(anonymous_9)
FNDA:2,(anonymous_10)
FNDA:2,(anonymous_11)
FNDA:2,(anonymous_12)
FNDA:2,(anonymous_13)
FNDA:0,(anonymous_14)
FNDA:1,(anonymous_15)
FNDA:0,(anonymous_16)
FNDA:0,(anonymous_17)
DA:8,23
DA:9,22
DA:10,22
DA:11,22
DA:12,22
DA:13,22
DA:14,22
DA:15,22
DA:16,22
DA:19,22
DA:20,7
DA:21,7
DA:23,7
DA:24,7
DA:25,0
DA:26,0
DA:28,7
DA:31,7
DA:32,7
DA:34,7
DA:35,7
DA:37,7
DA:38,7
DA:41,7
DA:42,14
DA:43,14
DA:44,14
DA:46,14
DA:47,14
DA:59,14
DA:60,14
DA:62,0
DA:66,7
DA:67,7
DA:69,0
DA:71,7
DA:75,7
DA:80,22
DA:81,1
DA:82,1
DA:83,1
DA:84,1
DA:85,1
DA:86,1
DA:90,22
DA:91,1
DA:92,1
DA:93,1
DA:95,1
DA:100,22
DA:101,22
DA:102,26
DA:112,2
DA:117,1
DA:121,1
DA:133,2
DA:136,2
DA:143,2
DA:153,22
DA:154,2
DA:156,2
DA:161,2
DA:162,1
DA:163,1
DA:165,1
DA:168,0
DA:172,22
DA:180,0
DA:183,1
DA:208,0
DA:219,0
LF:71
LH:63
BRDA:24,0,0,0
BRDA:24,0,1,7
BRDA:32,1,0,0
BRDA:32,1,1,7
BRDA:43,2,0,0
BRDA:43,2,1,14
BRDA:59,3,0,14
BRDA:59,3,1,0
BRDA:93,4,0,0
BRDA:93,4,1,0
BRDA:105,5,0,26
BRDA:105,5,1,0
BRDA:108,6,0,13
BRDA:108,6,1,13
BRDA:111,7,0,13
BRDA:111,7,1,13
BRDA:130,8,0,26
BRDA:130,8,1,6
BRDA:144,9,0,6
BRDA:144,9,1,0
BRDA:161,10,0,1
BRDA:161,10,1,1
BRDA:180,11,0,20
BRDA:180,11,1,2
BRDA:183,12,0,2
BRDA:183,12,1,20
BRDA:190,13,0,22
BRDA:190,13,1,8
BRDA:191,14,0,22
BRDA:191,14,1,20
BRDA:192,15,0,22
BRDA:192,15,1,2
BRDA:196,16,0,22
BRDA:196,16,1,1
BRF:34
BRH:26
end_of_record
TN:
SF:src\pages\UserProfile.js
FN:4,UserProfile
FNF:1
FNH:1
FNDA:1,UserProfile
DA:6,1
DA:7,1
DA:9,1
LF:3
LH:3
BRDA:7,0,0,1
BRDA:7,0,1,0
BRDA:15,1,0,1
BRDA:15,1,1,0
BRDA:18,2,0,1
BRDA:18,2,1,0
BRF:6
BRH:3
end_of_record
TN:
SF:src\routes\ProtectedRoute.js
FN:5,(anonymous_0)
FNF:1
FNH:1
FNDA:2,(anonymous_0)
DA:5,2
DA:6,2
DA:7,2
DA:8,2
LF:4
LH:4
BRDA:8,0,0,1
BRDA:8,0,1,1
BRF:2
BRH:2
end_of_record
